{"uid":"644212d932d5e684","name":"Test New User Live Chat with Message Types","fullName":"tests.tc_01_new_user.TestAdvisorLogin#test_valid_login_web","historyId":"0ef9eaea0d99ca506d35c1bb0f4bc2d3","time":{"start":1756104901551,"stop":1756104942201,"duration":40650},"description":"Test complete flow from signup to live chat with various message types","descriptionHtml":"<p>Test complete flow from signup to live chat with various message types</p>\n","status":"failed","statusMessage":"AssertionError: Advisor element not found or not clickable: ❌ Element click intercepted: xpath = (//button[@class='searchButton--zl5Mn'])[1] - Message: element click intercepted: Element <button type=\"button\" class=\"searchButton--zl5Mn\" data-testid=\"search-bar-button\">...</button> is not clickable at point (840, 399). Other element would receive the click: <div class=\"loaderConteiner--DoW_3\">...</div>\n  (Session info: chrome=139.0.7258.139); For documentation on this error, please visit: https://www.selenium.dev/documentation/webdriver/troubleshooting/errors#elementclickinterceptedexception\nStacktrace:\n\tGetHandleVerifier [0x0x125ff53+65331]\n\tGetHandleVerifier [0x0x125ff94+65396]\n\t(No symbol) [0x0x1053f63]\n\t(No symbol) [0x0x10a2ce0]\n\t(No symbol) [0x0x10a109a]\n\t(No symbol) [0x0x109ebf2]\n\t(No symbol) [0x0x109dee1]\n\t(No symbol) [0x0x1092645]\n\t(No symbol) [0x0x10c14dc]\n\t(No symbol) [0x0x10920d4]\n\t(No symbol) [0x0x10c1754]\n\t(No symbol) [0x0x10e2bcb]\n\t(No symbol) [0x0x10c12d6]\n\t(No symbol) [0x0x1090910]\n\t(No symbol) [0x0x1091784]\n\tGetHandleVerifier [0x0x14a3853+2439219]\n\tGetHandleVerifier [0x0x149ea82+2419298]\n\tGetHandleVerifier [0x0x12870ba+225434]\n\tGetHandleVerifier [0x0x1276d98+159096]\n\tGetHandleVerifier [0x0x127dced+187597]\n\tGetHandleVerifier [0x0x1267a68+96840]\n\tGetHandleVerifier [0x0x1267bf2+97234]\n\tGetHandleVerifier [0x0x125270a+9962]\n\tBaseThreadInitThunk [0x0x73ff62c4+36]\n\tRtlSubscribeWnfStateChangeNotification [0x0x77550fa9+1081]\n\tRtlSubscribeWnfStateChangeNotification [0x0x77550f74+1028]","statusTrace":"self = <drivers.web_driver.WebDriver object at 0x102d31850>, locator_type = 'xpath', locator_value = \"(//button[@class='searchButton--zl5Mn'])[1]\"\ntimeout = None\n\n    def click(self, locator_type, locator_value, timeout=None):\n        \"\"\"Click on element\"\"\"\n        try:\n            element = self.wait_for_element_clickable(locator_type, locator_value, timeout)\n            if element:\n>               element.click()\n\ndrivers/web_driver.py:553: \n_ _ _ _ _ _ _ _ _ _ _ _ _ _ _ _ _ _ _ _ _ _ _ _ _ _ _ _ _ _ _ _ _ _ _ _ _ _ _ _ _ _ _ _ _ _ _ _ _ _ _ _ _ _ _ _ _ _ _ _ _ _ _ _ _ _ _ _ _ _ _ _ _ _ _ _ _ _ _ _ \n.venv/lib/python3.9/site-packages/selenium/webdriver/remote/webelement.py:120: in click\n    self._execute(Command.CLICK_ELEMENT)\n.venv/lib/python3.9/site-packages/selenium/webdriver/remote/webelement.py:573: in _execute\n    return self._parent.execute(command, params)\n.venv/lib/python3.9/site-packages/selenium/webdriver/remote/webdriver.py:454: in execute\n    self.error_handler.check_response(response)\n_ _ _ _ _ _ _ _ _ _ _ _ _ _ _ _ _ _ _ _ _ _ _ _ _ _ _ _ _ _ _ _ _ _ _ _ _ _ _ _ _ _ _ _ _ _ _ _ _ _ _ _ _ _ _ _ _ _ _ _ _ _ _ _ _ _ _ _ _ _ _ _ _ _ _ _ _ _ _ _ \n\nself = <selenium.webdriver.remote.errorhandler.ErrorHandler object at 0x102d31880>\nresponse = {'status': 400, 'value': '{\"value\":{\"error\":\"element click intercepted\",\"message\":\"element click intercepted: Element ...eWnfStateChangeNotification [0x0x77550fa9+1081]\\\\n\\\\tRtlSubscribeWnfStateChangeNotification [0x0x77550f74+1028]\\\\n\"}}'}\n\n    def check_response(self, response: dict[str, Any]) -> None:\n        \"\"\"Checks that a JSON response from the WebDriver does not have an\n        error.\n    \n        :Args:\n         - response - The JSON response from the WebDriver server as a dictionary\n           object.\n    \n        :Raises: If the response contains an error message.\n        \"\"\"\n        status = response.get(\"status\", None)\n        if not status or status == ErrorCode.SUCCESS:\n            return\n        value = None\n        message = response.get(\"message\", \"\")\n        screen: str = response.get(\"screen\", \"\")\n        stacktrace = None\n        if isinstance(status, int):\n            value_json = response.get(\"value\", None)\n            if value_json and isinstance(value_json, str):\n                try:\n                    value = json.loads(value_json)\n                    if isinstance(value, dict):\n                        if len(value) == 1:\n                            value = value[\"value\"]\n                        status = value.get(\"error\", None)\n                        if not status:\n                            status = value.get(\"status\", ErrorCode.UNKNOWN_ERROR)\n                            message = value.get(\"value\") or value.get(\"message\")\n                            if not isinstance(message, str):\n                                value = message\n                                message = message.get(\"message\")\n                        else:\n                            message = value.get(\"message\", None)\n                except ValueError:\n                    pass\n    \n        exception_class: type[WebDriverException]\n        e = ErrorCode()\n        error_codes = [item for item in dir(e) if not item.startswith(\"__\")]\n        for error_code in error_codes:\n            error_info = getattr(ErrorCode, error_code)\n            if isinstance(error_info, list) and status in error_info:\n                exception_class = getattr(ExceptionMapping, error_code, WebDriverException)\n                break\n        else:\n            exception_class = WebDriverException\n    \n        if not value:\n            value = response[\"value\"]\n        if isinstance(value, str):\n            raise exception_class(value)\n        if message == \"\" and \"message\" in value:\n            message = value[\"message\"]\n    \n        screen = None  # type: ignore[assignment]\n        if \"screen\" in value:\n            screen = value[\"screen\"]\n    \n        stacktrace = None\n        st_value = value.get(\"stackTrace\") or value.get(\"stacktrace\")\n        if st_value:\n            if isinstance(st_value, str):\n                stacktrace = st_value.split(\"\\n\")\n            else:\n                stacktrace = []\n                try:\n                    for frame in st_value:\n                        line = frame.get(\"lineNumber\", \"\")\n                        file = frame.get(\"fileName\", \"<anonymous>\")\n                        if line:\n                            file = f\"{file}:{line}\"\n                        meth = frame.get(\"methodName\", \"<anonymous>\")\n                        if \"className\" in frame:\n                            meth = f\"{frame['className']}.{meth}\"\n                        msg = \"    at %s (%s)\"\n                        msg = msg % (meth, file)\n                        stacktrace.append(msg)\n                except TypeError:\n                    pass\n        if exception_class == UnexpectedAlertPresentException:\n            alert_text = None\n            if \"data\" in value:\n                alert_text = value[\"data\"].get(\"text\")\n            elif \"alert\" in value:\n                alert_text = value[\"alert\"].get(\"text\")\n            raise exception_class(message, screen, stacktrace, alert_text)  # type: ignore[call-arg]  # mypy is not smart enough here\n>       raise exception_class(message, screen, stacktrace)\nE       selenium.common.exceptions.ElementClickInterceptedException: Message: element click intercepted: Element <button type=\"button\" class=\"searchButton--zl5Mn\" data-testid=\"search-bar-button\">...</button> is not clickable at point (840, 399). Other element would receive the click: <div class=\"loaderConteiner--DoW_3\">...</div>\nE         (Session info: chrome=139.0.7258.139); For documentation on this error, please visit: https://www.selenium.dev/documentation/webdriver/troubleshooting/errors#elementclickinterceptedexception\nE       Stacktrace:\nE       \tGetHandleVerifier [0x0x125ff53+65331]\nE       \tGetHandleVerifier [0x0x125ff94+65396]\nE       \t(No symbol) [0x0x1053f63]\nE       \t(No symbol) [0x0x10a2ce0]\nE       \t(No symbol) [0x0x10a109a]\nE       \t(No symbol) [0x0x109ebf2]\nE       \t(No symbol) [0x0x109dee1]\nE       \t(No symbol) [0x0x1092645]\nE       \t(No symbol) [0x0x10c14dc]\nE       \t(No symbol) [0x0x10920d4]\nE       \t(No symbol) [0x0x10c1754]\nE       \t(No symbol) [0x0x10e2bcb]\nE       \t(No symbol) [0x0x10c12d6]\nE       \t(No symbol) [0x0x1090910]\nE       \t(No symbol) [0x0x1091784]\nE       \tGetHandleVerifier [0x0x14a3853+2439219]\nE       \tGetHandleVerifier [0x0x149ea82+2419298]\nE       \tGetHandleVerifier [0x0x12870ba+225434]\nE       \tGetHandleVerifier [0x0x1276d98+159096]\nE       \tGetHandleVerifier [0x0x127dced+187597]\nE       \tGetHandleVerifier [0x0x1267a68+96840]\nE       \tGetHandleVerifier [0x0x1267bf2+97234]\nE       \tGetHandleVerifier [0x0x125270a+9962]\nE       \tBaseThreadInitThunk [0x0x73ff62c4+36]\nE       \tRtlSubscribeWnfStateChangeNotification [0x0x77550fa9+1081]\nE       \tRtlSubscribeWnfStateChangeNotification [0x0x77550f74+1028]\n\n.venv/lib/python3.9/site-packages/selenium/webdriver/remote/errorhandler.py:232: ElementClickInterceptedException\n\nDuring handling of the above exception, another exception occurred:\n\nself = <tc_01_new_user.TestAdvisorLogin object at 0x102c6da00>, web_user = <drivers.web_driver.WebDriver object at 0x102d31850>\ntest_data = {'advisor': {'invalid_email': 'invalid@example.com', 'invalid_password': 'wrongpassword', 'messageadvisor': 'Hello, @S...alid@example.com', 'invalid_password': 'wrongpassword', 'messageuser': 'Hello,@Hubert. I need your advice 2day!', ...}}\n\n    @allure.title(\"Test New User Live Chat with Message Types\")\n    @allure.description(\"Test complete flow from signup to live chat with various message types\")\n    @allure.severity(allure.severity_level.CRITICAL)\n    def test_valid_login_web(self, web_user, test_data):\n        \"\"\"Test valid login on Web Advisor app using LambdaTest\"\"\"\n        #   advisor = web_advisor\n        user = web_user\n        user_web_locators = UserWebLocators()\n        advisor_web_locators = AdvisorWebLocators()\n        mixpanel_locators = MixPanelLocators()\n        signup = Signup()\n        login = Login()\n        send_message_in_live = SendMessage()\n        credit_card = CreditCard()\n        details_form = DetailsForm()\n        modules = Modules()\n    \n        with allure.step(\"Initialize test setup\"):\n            pass\n    \n        try:\n            with allure.step(\"Perform user signup\"):\n                modules.signup_with_user(user)\n    \n            # with allure.step(\"Login with advisor account\"):\n            #     modules.login_in_with_advisor(advisor, test_data)\n            #     time.sleep(10)\n    \n            with allure.step(\"Search and select advisor\"):\n                # add_credit_card details\n                try:\n                    user.wait_for_element_visible(*user_web_locators.FIND_ADVISOR)\n                    user.input_text(*user_web_locators.SEARCH_ADVISOR, \"tetsLanguageOrder\")\n>                   user.click(*user_web_locators.FIND_ADVISOR)\n\ntests/tc_01_new_user.py:56: \n_ _ _ _ _ _ _ _ _ _ _ _ _ _ _ _ _ _ _ _ _ _ _ _ _ _ _ _ _ _ _ _ _ _ _ _ _ _ _ _ _ _ _ _ _ _ _ _ _ _ _ _ _ _ _ _ _ _ _ _ _ _ _ _ _ _ _ _ _ _ _ _ _ _ _ _ _ _ _ _ \n\nself = <drivers.web_driver.WebDriver object at 0x102d31850>, locator_type = 'xpath', locator_value = \"(//button[@class='searchButton--zl5Mn'])[1]\"\ntimeout = None\n\n    def click(self, locator_type, locator_value, timeout=None):\n        \"\"\"Click on element\"\"\"\n        try:\n            element = self.wait_for_element_clickable(locator_type, locator_value, timeout)\n            if element:\n                element.click()\n                print(f\"✓ Clicked element: {locator_type} = {locator_value}\")\n                return True\n            else:\n                error_msg = f\"❌ Element not clickable: {locator_type} = {locator_value}\"\n                print(error_msg)\n                raise ElementNotInteractableError(error_msg)\n        except TimeoutException:\n            error_msg = f\"❌ Element not clickable after timeout: {locator_type} = {locator_value}\"\n            print(error_msg)\n            raise ElementNotInteractableError(error_msg)\n        except ElementClickInterceptedException as e:\n            error_msg = f\"❌ Element click intercepted: {locator_type} = {locator_value} - {str(e)}\"\n            print(error_msg)\n>           raise ElementNotInteractableError(error_msg)\nE           drivers.web_driver.ElementNotInteractableError: ❌ Element click intercepted: xpath = (//button[@class='searchButton--zl5Mn'])[1] - Message: element click intercepted: Element <button type=\"button\" class=\"searchButton--zl5Mn\" data-testid=\"search-bar-button\">...</button> is not clickable at point (840, 399). Other element would receive the click: <div class=\"loaderConteiner--DoW_3\">...</div>\nE             (Session info: chrome=139.0.7258.139); For documentation on this error, please visit: https://www.selenium.dev/documentation/webdriver/troubleshooting/errors#elementclickinterceptedexception\nE           Stacktrace:\nE           \tGetHandleVerifier [0x0x125ff53+65331]\nE           \tGetHandleVerifier [0x0x125ff94+65396]\nE           \t(No symbol) [0x0x1053f63]\nE           \t(No symbol) [0x0x10a2ce0]\nE           \t(No symbol) [0x0x10a109a]\nE           \t(No symbol) [0x0x109ebf2]\nE           \t(No symbol) [0x0x109dee1]\nE           \t(No symbol) [0x0x1092645]\nE           \t(No symbol) [0x0x10c14dc]\nE           \t(No symbol) [0x0x10920d4]\nE           \t(No symbol) [0x0x10c1754]\nE           \t(No symbol) [0x0x10e2bcb]\nE           \t(No symbol) [0x0x10c12d6]\nE           \t(No symbol) [0x0x1090910]\nE           \t(No symbol) [0x0x1091784]\nE           \tGetHandleVerifier [0x0x14a3853+2439219]\nE           \tGetHandleVerifier [0x0x149ea82+2419298]\nE           \tGetHandleVerifier [0x0x12870ba+225434]\nE           \tGetHandleVerifier [0x0x1276d98+159096]\nE           \tGetHandleVerifier [0x0x127dced+187597]\nE           \tGetHandleVerifier [0x0x1267a68+96840]\nE           \tGetHandleVerifier [0x0x1267bf2+97234]\nE           \tGetHandleVerifier [0x0x125270a+9962]\nE           \tBaseThreadInitThunk [0x0x73ff62c4+36]\nE           \tRtlSubscribeWnfStateChangeNotification [0x0x77550fa9+1081]\nE           \tRtlSubscribeWnfStateChangeNotification [0x0x77550f74+1028]\n\ndrivers/web_driver.py:567: ElementNotInteractableError\n\nDuring handling of the above exception, another exception occurred:\n\nself = <tc_01_new_user.TestAdvisorLogin object at 0x102c6da00>, web_user = <drivers.web_driver.WebDriver object at 0x102d31850>\ntest_data = {'advisor': {'invalid_email': 'invalid@example.com', 'invalid_password': 'wrongpassword', 'messageadvisor': 'Hello, @S...alid@example.com', 'invalid_password': 'wrongpassword', 'messageuser': 'Hello,@Hubert. I need your advice 2day!', ...}}\n\n    @allure.title(\"Test New User Live Chat with Message Types\")\n    @allure.description(\"Test complete flow from signup to live chat with various message types\")\n    @allure.severity(allure.severity_level.CRITICAL)\n    def test_valid_login_web(self, web_user, test_data):\n        \"\"\"Test valid login on Web Advisor app using LambdaTest\"\"\"\n        #   advisor = web_advisor\n        user = web_user\n        user_web_locators = UserWebLocators()\n        advisor_web_locators = AdvisorWebLocators()\n        mixpanel_locators = MixPanelLocators()\n        signup = Signup()\n        login = Login()\n        send_message_in_live = SendMessage()\n        credit_card = CreditCard()\n        details_form = DetailsForm()\n        modules = Modules()\n    \n        with allure.step(\"Initialize test setup\"):\n            pass\n    \n        try:\n            with allure.step(\"Perform user signup\"):\n                modules.signup_with_user(user)\n    \n            # with allure.step(\"Login with advisor account\"):\n            #     modules.login_in_with_advisor(advisor, test_data)\n            #     time.sleep(10)\n    \n            with allure.step(\"Search and select advisor\"):\n                # add_credit_card details\n                try:\n                    user.wait_for_element_visible(*user_web_locators.FIND_ADVISOR)\n                    user.input_text(*user_web_locators.SEARCH_ADVISOR, \"tetsLanguageOrder\")\n                    user.click(*user_web_locators.FIND_ADVISOR)\n                    formatted_locator = (user_web_locators.CLICK_ADVISOR[0],\n                            user_web_locators.CLICK_ADVISOR[1].format(advisor_name=\"tetsLanguageOrder\"))\n                    user.wait_for_element_visible(*formatted_locator)\n                    user.click(*formatted_locator)\n                except Exception as e:\n                    allure.attach(f\"Failed to find or click advisor element: {e}\", \"Error\", allure.attachment_type.TEXT)\n>                   raise AssertionError(f\"Advisor element not found or not clickable: {e}\")\nE                   AssertionError: Advisor element not found or not clickable: ❌ Element click intercepted: xpath = (//button[@class='searchButton--zl5Mn'])[1] - Message: element click intercepted: Element <button type=\"button\" class=\"searchButton--zl5Mn\" data-testid=\"search-bar-button\">...</button> is not clickable at point (840, 399). Other element would receive the click: <div class=\"loaderConteiner--DoW_3\">...</div>\nE                     (Session info: chrome=139.0.7258.139); For documentation on this error, please visit: https://www.selenium.dev/documentation/webdriver/troubleshooting/errors#elementclickinterceptedexception\nE                   Stacktrace:\nE                   \tGetHandleVerifier [0x0x125ff53+65331]\nE                   \tGetHandleVerifier [0x0x125ff94+65396]\nE                   \t(No symbol) [0x0x1053f63]\nE                   \t(No symbol) [0x0x10a2ce0]\nE                   \t(No symbol) [0x0x10a109a]\nE                   \t(No symbol) [0x0x109ebf2]\nE                   \t(No symbol) [0x0x109dee1]\nE                   \t(No symbol) [0x0x1092645]\nE                   \t(No symbol) [0x0x10c14dc]\nE                   \t(No symbol) [0x0x10920d4]\nE                   \t(No symbol) [0x0x10c1754]\nE                   \t(No symbol) [0x0x10e2bcb]\nE                   \t(No symbol) [0x0x10c12d6]\nE                   \t(No symbol) [0x0x1090910]\nE                   \t(No symbol) [0x0x1091784]\nE                   \tGetHandleVerifier [0x0x14a3853+2439219]\nE                   \tGetHandleVerifier [0x0x149ea82+2419298]\nE                   \tGetHandleVerifier [0x0x12870ba+225434]\nE                   \tGetHandleVerifier [0x0x1276d98+159096]\nE                   \tGetHandleVerifier [0x0x127dced+187597]\nE                   \tGetHandleVerifier [0x0x1267a68+96840]\nE                   \tGetHandleVerifier [0x0x1267bf2+97234]\nE                   \tGetHandleVerifier [0x0x125270a+9962]\nE                   \tBaseThreadInitThunk [0x0x73ff62c4+36]\nE                   \tRtlSubscribeWnfStateChangeNotification [0x0x77550fa9+1081]\nE                   \tRtlSubscribeWnfStateChangeNotification [0x0x77550f74+1028]\n\ntests/tc_01_new_user.py:63: AssertionError","flaky":false,"newFailed":false,"newBroken":false,"newPassed":false,"retriesCount":0,"retriesStatusChange":false,"beforeStages":[{"name":"_session_faker","time":{"start":1756104892088,"stop":1756104892149,"duration":61},"status":"passed","steps":[],"attachments":[],"parameters":[],"stepsCount":0,"shouldDisplayMessage":false,"attachmentsCount":0,"hasContent":false,"attachmentStep":false},{"name":"test_data","time":{"start":1756104892149,"stop":1756104892150,"duration":1},"status":"passed","steps":[],"attachments":[],"parameters":[],"stepsCount":0,"shouldDisplayMessage":false,"attachmentsCount":0,"hasContent":false,"attachmentStep":false},{"name":"web_user","time":{"start":1756104892150,"stop":1756104901548,"duration":9398},"status":"passed","steps":[],"attachments":[],"parameters":[],"stepsCount":0,"shouldDisplayMessage":false,"attachmentsCount":0,"hasContent":false,"attachmentStep":false}],"testStage":{"description":"Test complete flow from signup to live chat with various message types","status":"failed","statusMessage":"AssertionError: Advisor element not found or not clickable: ❌ Element click intercepted: xpath = (//button[@class='searchButton--zl5Mn'])[1] - Message: element click intercepted: Element <button type=\"button\" class=\"searchButton--zl5Mn\" data-testid=\"search-bar-button\">...</button> is not clickable at point (840, 399). Other element would receive the click: <div class=\"loaderConteiner--DoW_3\">...</div>\n  (Session info: chrome=139.0.7258.139); For documentation on this error, please visit: https://www.selenium.dev/documentation/webdriver/troubleshooting/errors#elementclickinterceptedexception\nStacktrace:\n\tGetHandleVerifier [0x0x125ff53+65331]\n\tGetHandleVerifier [0x0x125ff94+65396]\n\t(No symbol) [0x0x1053f63]\n\t(No symbol) [0x0x10a2ce0]\n\t(No symbol) [0x0x10a109a]\n\t(No symbol) [0x0x109ebf2]\n\t(No symbol) [0x0x109dee1]\n\t(No symbol) [0x0x1092645]\n\t(No symbol) [0x0x10c14dc]\n\t(No symbol) [0x0x10920d4]\n\t(No symbol) [0x0x10c1754]\n\t(No symbol) [0x0x10e2bcb]\n\t(No symbol) [0x0x10c12d6]\n\t(No symbol) [0x0x1090910]\n\t(No symbol) [0x0x1091784]\n\tGetHandleVerifier [0x0x14a3853+2439219]\n\tGetHandleVerifier [0x0x149ea82+2419298]\n\tGetHandleVerifier [0x0x12870ba+225434]\n\tGetHandleVerifier [0x0x1276d98+159096]\n\tGetHandleVerifier [0x0x127dced+187597]\n\tGetHandleVerifier [0x0x1267a68+96840]\n\tGetHandleVerifier [0x0x1267bf2+97234]\n\tGetHandleVerifier [0x0x125270a+9962]\n\tBaseThreadInitThunk [0x0x73ff62c4+36]\n\tRtlSubscribeWnfStateChangeNotification [0x0x77550fa9+1081]\n\tRtlSubscribeWnfStateChangeNotification [0x0x77550f74+1028]","statusTrace":"self = <drivers.web_driver.WebDriver object at 0x102d31850>, locator_type = 'xpath', locator_value = \"(//button[@class='searchButton--zl5Mn'])[1]\"\ntimeout = None\n\n    def click(self, locator_type, locator_value, timeout=None):\n        \"\"\"Click on element\"\"\"\n        try:\n            element = self.wait_for_element_clickable(locator_type, locator_value, timeout)\n            if element:\n>               element.click()\n\ndrivers/web_driver.py:553: \n_ _ _ _ _ _ _ _ _ _ _ _ _ _ _ _ _ _ _ _ _ _ _ _ _ _ _ _ _ _ _ _ _ _ _ _ _ _ _ _ _ _ _ _ _ _ _ _ _ _ _ _ _ _ _ _ _ _ _ _ _ _ _ _ _ _ _ _ _ _ _ _ _ _ _ _ _ _ _ _ \n.venv/lib/python3.9/site-packages/selenium/webdriver/remote/webelement.py:120: in click\n    self._execute(Command.CLICK_ELEMENT)\n.venv/lib/python3.9/site-packages/selenium/webdriver/remote/webelement.py:573: in _execute\n    return self._parent.execute(command, params)\n.venv/lib/python3.9/site-packages/selenium/webdriver/remote/webdriver.py:454: in execute\n    self.error_handler.check_response(response)\n_ _ _ _ _ _ _ _ _ _ _ _ _ _ _ _ _ _ _ _ _ _ _ _ _ _ _ _ _ _ _ _ _ _ _ _ _ _ _ _ _ _ _ _ _ _ _ _ _ _ _ _ _ _ _ _ _ _ _ _ _ _ _ _ _ _ _ _ _ _ _ _ _ _ _ _ _ _ _ _ \n\nself = <selenium.webdriver.remote.errorhandler.ErrorHandler object at 0x102d31880>\nresponse = {'status': 400, 'value': '{\"value\":{\"error\":\"element click intercepted\",\"message\":\"element click intercepted: Element ...eWnfStateChangeNotification [0x0x77550fa9+1081]\\\\n\\\\tRtlSubscribeWnfStateChangeNotification [0x0x77550f74+1028]\\\\n\"}}'}\n\n    def check_response(self, response: dict[str, Any]) -> None:\n        \"\"\"Checks that a JSON response from the WebDriver does not have an\n        error.\n    \n        :Args:\n         - response - The JSON response from the WebDriver server as a dictionary\n           object.\n    \n        :Raises: If the response contains an error message.\n        \"\"\"\n        status = response.get(\"status\", None)\n        if not status or status == ErrorCode.SUCCESS:\n            return\n        value = None\n        message = response.get(\"message\", \"\")\n        screen: str = response.get(\"screen\", \"\")\n        stacktrace = None\n        if isinstance(status, int):\n            value_json = response.get(\"value\", None)\n            if value_json and isinstance(value_json, str):\n                try:\n                    value = json.loads(value_json)\n                    if isinstance(value, dict):\n                        if len(value) == 1:\n                            value = value[\"value\"]\n                        status = value.get(\"error\", None)\n                        if not status:\n                            status = value.get(\"status\", ErrorCode.UNKNOWN_ERROR)\n                            message = value.get(\"value\") or value.get(\"message\")\n                            if not isinstance(message, str):\n                                value = message\n                                message = message.get(\"message\")\n                        else:\n                            message = value.get(\"message\", None)\n                except ValueError:\n                    pass\n    \n        exception_class: type[WebDriverException]\n        e = ErrorCode()\n        error_codes = [item for item in dir(e) if not item.startswith(\"__\")]\n        for error_code in error_codes:\n            error_info = getattr(ErrorCode, error_code)\n            if isinstance(error_info, list) and status in error_info:\n                exception_class = getattr(ExceptionMapping, error_code, WebDriverException)\n                break\n        else:\n            exception_class = WebDriverException\n    \n        if not value:\n            value = response[\"value\"]\n        if isinstance(value, str):\n            raise exception_class(value)\n        if message == \"\" and \"message\" in value:\n            message = value[\"message\"]\n    \n        screen = None  # type: ignore[assignment]\n        if \"screen\" in value:\n            screen = value[\"screen\"]\n    \n        stacktrace = None\n        st_value = value.get(\"stackTrace\") or value.get(\"stacktrace\")\n        if st_value:\n            if isinstance(st_value, str):\n                stacktrace = st_value.split(\"\\n\")\n            else:\n                stacktrace = []\n                try:\n                    for frame in st_value:\n                        line = frame.get(\"lineNumber\", \"\")\n                        file = frame.get(\"fileName\", \"<anonymous>\")\n                        if line:\n                            file = f\"{file}:{line}\"\n                        meth = frame.get(\"methodName\", \"<anonymous>\")\n                        if \"className\" in frame:\n                            meth = f\"{frame['className']}.{meth}\"\n                        msg = \"    at %s (%s)\"\n                        msg = msg % (meth, file)\n                        stacktrace.append(msg)\n                except TypeError:\n                    pass\n        if exception_class == UnexpectedAlertPresentException:\n            alert_text = None\n            if \"data\" in value:\n                alert_text = value[\"data\"].get(\"text\")\n            elif \"alert\" in value:\n                alert_text = value[\"alert\"].get(\"text\")\n            raise exception_class(message, screen, stacktrace, alert_text)  # type: ignore[call-arg]  # mypy is not smart enough here\n>       raise exception_class(message, screen, stacktrace)\nE       selenium.common.exceptions.ElementClickInterceptedException: Message: element click intercepted: Element <button type=\"button\" class=\"searchButton--zl5Mn\" data-testid=\"search-bar-button\">...</button> is not clickable at point (840, 399). Other element would receive the click: <div class=\"loaderConteiner--DoW_3\">...</div>\nE         (Session info: chrome=139.0.7258.139); For documentation on this error, please visit: https://www.selenium.dev/documentation/webdriver/troubleshooting/errors#elementclickinterceptedexception\nE       Stacktrace:\nE       \tGetHandleVerifier [0x0x125ff53+65331]\nE       \tGetHandleVerifier [0x0x125ff94+65396]\nE       \t(No symbol) [0x0x1053f63]\nE       \t(No symbol) [0x0x10a2ce0]\nE       \t(No symbol) [0x0x10a109a]\nE       \t(No symbol) [0x0x109ebf2]\nE       \t(No symbol) [0x0x109dee1]\nE       \t(No symbol) [0x0x1092645]\nE       \t(No symbol) [0x0x10c14dc]\nE       \t(No symbol) [0x0x10920d4]\nE       \t(No symbol) [0x0x10c1754]\nE       \t(No symbol) [0x0x10e2bcb]\nE       \t(No symbol) [0x0x10c12d6]\nE       \t(No symbol) [0x0x1090910]\nE       \t(No symbol) [0x0x1091784]\nE       \tGetHandleVerifier [0x0x14a3853+2439219]\nE       \tGetHandleVerifier [0x0x149ea82+2419298]\nE       \tGetHandleVerifier [0x0x12870ba+225434]\nE       \tGetHandleVerifier [0x0x1276d98+159096]\nE       \tGetHandleVerifier [0x0x127dced+187597]\nE       \tGetHandleVerifier [0x0x1267a68+96840]\nE       \tGetHandleVerifier [0x0x1267bf2+97234]\nE       \tGetHandleVerifier [0x0x125270a+9962]\nE       \tBaseThreadInitThunk [0x0x73ff62c4+36]\nE       \tRtlSubscribeWnfStateChangeNotification [0x0x77550fa9+1081]\nE       \tRtlSubscribeWnfStateChangeNotification [0x0x77550f74+1028]\n\n.venv/lib/python3.9/site-packages/selenium/webdriver/remote/errorhandler.py:232: ElementClickInterceptedException\n\nDuring handling of the above exception, another exception occurred:\n\nself = <tc_01_new_user.TestAdvisorLogin object at 0x102c6da00>, web_user = <drivers.web_driver.WebDriver object at 0x102d31850>\ntest_data = {'advisor': {'invalid_email': 'invalid@example.com', 'invalid_password': 'wrongpassword', 'messageadvisor': 'Hello, @S...alid@example.com', 'invalid_password': 'wrongpassword', 'messageuser': 'Hello,@Hubert. I need your advice 2day!', ...}}\n\n    @allure.title(\"Test New User Live Chat with Message Types\")\n    @allure.description(\"Test complete flow from signup to live chat with various message types\")\n    @allure.severity(allure.severity_level.CRITICAL)\n    def test_valid_login_web(self, web_user, test_data):\n        \"\"\"Test valid login on Web Advisor app using LambdaTest\"\"\"\n        #   advisor = web_advisor\n        user = web_user\n        user_web_locators = UserWebLocators()\n        advisor_web_locators = AdvisorWebLocators()\n        mixpanel_locators = MixPanelLocators()\n        signup = Signup()\n        login = Login()\n        send_message_in_live = SendMessage()\n        credit_card = CreditCard()\n        details_form = DetailsForm()\n        modules = Modules()\n    \n        with allure.step(\"Initialize test setup\"):\n            pass\n    \n        try:\n            with allure.step(\"Perform user signup\"):\n                modules.signup_with_user(user)\n    \n            # with allure.step(\"Login with advisor account\"):\n            #     modules.login_in_with_advisor(advisor, test_data)\n            #     time.sleep(10)\n    \n            with allure.step(\"Search and select advisor\"):\n                # add_credit_card details\n                try:\n                    user.wait_for_element_visible(*user_web_locators.FIND_ADVISOR)\n                    user.input_text(*user_web_locators.SEARCH_ADVISOR, \"tetsLanguageOrder\")\n>                   user.click(*user_web_locators.FIND_ADVISOR)\n\ntests/tc_01_new_user.py:56: \n_ _ _ _ _ _ _ _ _ _ _ _ _ _ _ _ _ _ _ _ _ _ _ _ _ _ _ _ _ _ _ _ _ _ _ _ _ _ _ _ _ _ _ _ _ _ _ _ _ _ _ _ _ _ _ _ _ _ _ _ _ _ _ _ _ _ _ _ _ _ _ _ _ _ _ _ _ _ _ _ \n\nself = <drivers.web_driver.WebDriver object at 0x102d31850>, locator_type = 'xpath', locator_value = \"(//button[@class='searchButton--zl5Mn'])[1]\"\ntimeout = None\n\n    def click(self, locator_type, locator_value, timeout=None):\n        \"\"\"Click on element\"\"\"\n        try:\n            element = self.wait_for_element_clickable(locator_type, locator_value, timeout)\n            if element:\n                element.click()\n                print(f\"✓ Clicked element: {locator_type} = {locator_value}\")\n                return True\n            else:\n                error_msg = f\"❌ Element not clickable: {locator_type} = {locator_value}\"\n                print(error_msg)\n                raise ElementNotInteractableError(error_msg)\n        except TimeoutException:\n            error_msg = f\"❌ Element not clickable after timeout: {locator_type} = {locator_value}\"\n            print(error_msg)\n            raise ElementNotInteractableError(error_msg)\n        except ElementClickInterceptedException as e:\n            error_msg = f\"❌ Element click intercepted: {locator_type} = {locator_value} - {str(e)}\"\n            print(error_msg)\n>           raise ElementNotInteractableError(error_msg)\nE           drivers.web_driver.ElementNotInteractableError: ❌ Element click intercepted: xpath = (//button[@class='searchButton--zl5Mn'])[1] - Message: element click intercepted: Element <button type=\"button\" class=\"searchButton--zl5Mn\" data-testid=\"search-bar-button\">...</button> is not clickable at point (840, 399). Other element would receive the click: <div class=\"loaderConteiner--DoW_3\">...</div>\nE             (Session info: chrome=139.0.7258.139); For documentation on this error, please visit: https://www.selenium.dev/documentation/webdriver/troubleshooting/errors#elementclickinterceptedexception\nE           Stacktrace:\nE           \tGetHandleVerifier [0x0x125ff53+65331]\nE           \tGetHandleVerifier [0x0x125ff94+65396]\nE           \t(No symbol) [0x0x1053f63]\nE           \t(No symbol) [0x0x10a2ce0]\nE           \t(No symbol) [0x0x10a109a]\nE           \t(No symbol) [0x0x109ebf2]\nE           \t(No symbol) [0x0x109dee1]\nE           \t(No symbol) [0x0x1092645]\nE           \t(No symbol) [0x0x10c14dc]\nE           \t(No symbol) [0x0x10920d4]\nE           \t(No symbol) [0x0x10c1754]\nE           \t(No symbol) [0x0x10e2bcb]\nE           \t(No symbol) [0x0x10c12d6]\nE           \t(No symbol) [0x0x1090910]\nE           \t(No symbol) [0x0x1091784]\nE           \tGetHandleVerifier [0x0x14a3853+2439219]\nE           \tGetHandleVerifier [0x0x149ea82+2419298]\nE           \tGetHandleVerifier [0x0x12870ba+225434]\nE           \tGetHandleVerifier [0x0x1276d98+159096]\nE           \tGetHandleVerifier [0x0x127dced+187597]\nE           \tGetHandleVerifier [0x0x1267a68+96840]\nE           \tGetHandleVerifier [0x0x1267bf2+97234]\nE           \tGetHandleVerifier [0x0x125270a+9962]\nE           \tBaseThreadInitThunk [0x0x73ff62c4+36]\nE           \tRtlSubscribeWnfStateChangeNotification [0x0x77550fa9+1081]\nE           \tRtlSubscribeWnfStateChangeNotification [0x0x77550f74+1028]\n\ndrivers/web_driver.py:567: ElementNotInteractableError\n\nDuring handling of the above exception, another exception occurred:\n\nself = <tc_01_new_user.TestAdvisorLogin object at 0x102c6da00>, web_user = <drivers.web_driver.WebDriver object at 0x102d31850>\ntest_data = {'advisor': {'invalid_email': 'invalid@example.com', 'invalid_password': 'wrongpassword', 'messageadvisor': 'Hello, @S...alid@example.com', 'invalid_password': 'wrongpassword', 'messageuser': 'Hello,@Hubert. I need your advice 2day!', ...}}\n\n    @allure.title(\"Test New User Live Chat with Message Types\")\n    @allure.description(\"Test complete flow from signup to live chat with various message types\")\n    @allure.severity(allure.severity_level.CRITICAL)\n    def test_valid_login_web(self, web_user, test_data):\n        \"\"\"Test valid login on Web Advisor app using LambdaTest\"\"\"\n        #   advisor = web_advisor\n        user = web_user\n        user_web_locators = UserWebLocators()\n        advisor_web_locators = AdvisorWebLocators()\n        mixpanel_locators = MixPanelLocators()\n        signup = Signup()\n        login = Login()\n        send_message_in_live = SendMessage()\n        credit_card = CreditCard()\n        details_form = DetailsForm()\n        modules = Modules()\n    \n        with allure.step(\"Initialize test setup\"):\n            pass\n    \n        try:\n            with allure.step(\"Perform user signup\"):\n                modules.signup_with_user(user)\n    \n            # with allure.step(\"Login with advisor account\"):\n            #     modules.login_in_with_advisor(advisor, test_data)\n            #     time.sleep(10)\n    \n            with allure.step(\"Search and select advisor\"):\n                # add_credit_card details\n                try:\n                    user.wait_for_element_visible(*user_web_locators.FIND_ADVISOR)\n                    user.input_text(*user_web_locators.SEARCH_ADVISOR, \"tetsLanguageOrder\")\n                    user.click(*user_web_locators.FIND_ADVISOR)\n                    formatted_locator = (user_web_locators.CLICK_ADVISOR[0],\n                            user_web_locators.CLICK_ADVISOR[1].format(advisor_name=\"tetsLanguageOrder\"))\n                    user.wait_for_element_visible(*formatted_locator)\n                    user.click(*formatted_locator)\n                except Exception as e:\n                    allure.attach(f\"Failed to find or click advisor element: {e}\", \"Error\", allure.attachment_type.TEXT)\n>                   raise AssertionError(f\"Advisor element not found or not clickable: {e}\")\nE                   AssertionError: Advisor element not found or not clickable: ❌ Element click intercepted: xpath = (//button[@class='searchButton--zl5Mn'])[1] - Message: element click intercepted: Element <button type=\"button\" class=\"searchButton--zl5Mn\" data-testid=\"search-bar-button\">...</button> is not clickable at point (840, 399). Other element would receive the click: <div class=\"loaderConteiner--DoW_3\">...</div>\nE                     (Session info: chrome=139.0.7258.139); For documentation on this error, please visit: https://www.selenium.dev/documentation/webdriver/troubleshooting/errors#elementclickinterceptedexception\nE                   Stacktrace:\nE                   \tGetHandleVerifier [0x0x125ff53+65331]\nE                   \tGetHandleVerifier [0x0x125ff94+65396]\nE                   \t(No symbol) [0x0x1053f63]\nE                   \t(No symbol) [0x0x10a2ce0]\nE                   \t(No symbol) [0x0x10a109a]\nE                   \t(No symbol) [0x0x109ebf2]\nE                   \t(No symbol) [0x0x109dee1]\nE                   \t(No symbol) [0x0x1092645]\nE                   \t(No symbol) [0x0x10c14dc]\nE                   \t(No symbol) [0x0x10920d4]\nE                   \t(No symbol) [0x0x10c1754]\nE                   \t(No symbol) [0x0x10e2bcb]\nE                   \t(No symbol) [0x0x10c12d6]\nE                   \t(No symbol) [0x0x1090910]\nE                   \t(No symbol) [0x0x1091784]\nE                   \tGetHandleVerifier [0x0x14a3853+2439219]\nE                   \tGetHandleVerifier [0x0x149ea82+2419298]\nE                   \tGetHandleVerifier [0x0x12870ba+225434]\nE                   \tGetHandleVerifier [0x0x1276d98+159096]\nE                   \tGetHandleVerifier [0x0x127dced+187597]\nE                   \tGetHandleVerifier [0x0x1267a68+96840]\nE                   \tGetHandleVerifier [0x0x1267bf2+97234]\nE                   \tGetHandleVerifier [0x0x125270a+9962]\nE                   \tBaseThreadInitThunk [0x0x73ff62c4+36]\nE                   \tRtlSubscribeWnfStateChangeNotification [0x0x77550fa9+1081]\nE                   \tRtlSubscribeWnfStateChangeNotification [0x0x77550f74+1028]\n\ntests/tc_01_new_user.py:63: AssertionError","steps":[{"name":"Initialize test setup","time":{"start":1756104901551,"stop":1756104901551,"duration":0},"status":"passed","steps":[],"attachments":[],"parameters":[],"stepsCount":0,"shouldDisplayMessage":false,"attachmentsCount":0,"hasContent":false,"attachmentStep":false},{"name":"Perform user signup","time":{"start":1756104901551,"stop":1756104937110,"duration":35559},"status":"passed","steps":[],"attachments":[],"parameters":[],"stepsCount":0,"shouldDisplayMessage":false,"attachmentsCount":0,"hasContent":false,"attachmentStep":false},{"name":"Search and select advisor","time":{"start":1756104937111,"stop":1756104941960,"duration":4849},"status":"failed","statusMessage":"AssertionError: Advisor element not found or not clickable: ❌ Element click intercepted: xpath = (//button[@class='searchButton--zl5Mn'])[1] - Message: element click intercepted: Element <button type=\"button\" class=\"searchButton--zl5Mn\" data-testid=\"search-bar-button\">...</button> is not clickable at point (840, 399). Other element would receive the click: <div class=\"loaderConteiner--DoW_3\">...</div>\n  (Session info: chrome=139.0.7258.139); For documentation on this error, please visit: https://www.selenium.dev/documentation/webdriver/troubleshooting/errors#elementclickinterceptedexception\nStacktrace:\n\tGetHandleVerifier [0x0x125ff53+65331]\n\tGetHandleVerifier [0x0x125ff94+65396]\n\t(No symbol) [0x0x1053f63]\n\t(No symbol) [0x0x10a2ce0]\n\t(No symbol) [0x0x10a109a]\n\t(No symbol) [0x0x109ebf2]\n\t(No symbol) [0x0x109dee1]\n\t(No symbol) [0x0x1092645]\n\t(No symbol) [0x0x10c14dc]\n\t(No symbol) [0x0x10920d4]\n\t(No symbol) [0x0x10c1754]\n\t(No symbol) [0x0x10e2bcb]\n\t(No symbol) [0x0x10c12d6]\n\t(No symbol) [0x0x1090910]\n\t(No symbol) [0x0x1091784]\n\tGetHandleVerifier [0x0x14a3853+2439219]\n\tGetHandleVerifier [0x0x149ea82+2419298]\n\tGetHandleVerifier [0x0x12870ba+225434]\n\tGetHandleVerifier [0x0x1276d98+159096]\n\tGetHandleVerifier [0x0x127dced+187597]\n\tGetHandleVerifier [0x0x1267a68+96840]\n\tGetHandleVerifier [0x0x1267bf2+97234]\n\tGetHandleVerifier [0x0x125270a+9962]\n\tBaseThreadInitThunk [0x0x73ff62c4+36]\n\tRtlSubscribeWnfStateChangeNotification [0x0x77550fa9+1081]\n\tRtlSubscribeWnfStateChangeNotification [0x0x77550f74+1028]\n\n","statusTrace":"  File \"/Users/ayushp/Client/Ingenio/tests/tc_01_new_user.py\", line 63, in test_valid_login_web\n    raise AssertionError(f\"Advisor element not found or not clickable: {e}\")\n","steps":[],"attachments":[{"uid":"49487fd7c42f8de4","name":"Error","source":"49487fd7c42f8de4.txt","type":"text/plain","size":1499}],"parameters":[],"stepsCount":0,"shouldDisplayMessage":true,"attachmentsCount":1,"hasContent":true,"attachmentStep":false},{"name":"Cleanup and driver quit","time":{"start":1756104941973,"stop":1756104942200,"duration":227},"status":"passed","steps":[],"attachments":[],"parameters":[],"stepsCount":0,"shouldDisplayMessage":false,"attachmentsCount":0,"hasContent":false,"attachmentStep":false}],"attachments":[{"uid":"27e06b21a066ec30","name":"Error Details","source":"27e06b21a066ec30.txt","type":"text/plain","size":1515},{"uid":"dcb8cb5112a4227c","name":"stdout","source":"dcb8cb5112a4227c.txt","type":"text/plain","size":5582}],"parameters":[],"stepsCount":4,"shouldDisplayMessage":true,"attachmentsCount":3,"hasContent":true,"attachmentStep":false},"afterStages":[{"name":"web_user::0","time":{"start":1756104942298,"stop":1756104942441,"duration":143},"status":"passed","steps":[],"attachments":[],"parameters":[],"stepsCount":0,"shouldDisplayMessage":false,"attachmentsCount":0,"hasContent":false,"attachmentStep":false}],"labels":[{"name":"story","value":"New User Live Chat Test"},{"name":"feature","value":"Live Chat Functionality"},{"name":"epic","value":"Ingenio Platform"},{"name":"severity","value":"critical"},{"name":"parentSuite","value":"tests"},{"name":"suite","value":"tc_01_new_user"},{"name":"subSuite","value":"TestAdvisorLogin"},{"name":"host","value":"admin-MacBook-Pro"},{"name":"thread","value":"82614-MainThread"},{"name":"framework","value":"pytest"},{"name":"language","value":"cpython3"},{"name":"package","value":"tests.tc_01_new_user"},{"name":"resultFormat","value":"allure2"}],"parameters":[],"links":[],"hidden":true,"retry":true,"extra":{"categories":[],"tags":[]},"source":"644212d932d5e684.json","parameterValues":[]}